
--- NEW SESSION: 03/07/2018 17:21:30 ---
/N2/shaderRender/implicitFieldShaderVisualization1.positionSphere11 = 1 0 0
/N2/shaderRender/implicitFieldShaderVisualization1.radiusSphere10 = 2
/N2/shaderRender/implicitFieldShaderVisualization1.positionSphere10 = 2 0 0
/N2/shaderRender/implicitFieldShaderVisualization1.positionSphere13 = -1 0.5 0

--- NEW SESSION: 12/07/2018 23:52:01 ---
/N2/shaderRender/implicitFieldShaderVisualization1.positionSphere3 = 0.4 0 0
/N2/shaderRender/implicitFieldShaderVisualization1.sizeBox7 = 1.1 0.1 1.2
/N2/shaderRender/implicitFieldShaderVisualization1.sizeBox1 = 2 2 2

--- NEW SESSION: 12/07/2018 23:56:49 ---
/N2/shaderRender/implicitFieldShaderVisualization1.sizeBox1 = 1.2 0.5 1

--- NEW SESSION: 13/07/2018 01:13:23 ---
/N2/shaderRender/implicitFieldShaderVisualization1.sizeBox7 = 1 0.7 1

--- NEW SESSION: 13/07/2018 15:59:45 ---
/N2/shaderRender/implicitFieldShaderVisualization1.sizeBox7 = 1 0.2 1.2
/N2/shaderRender/implicitFieldShaderVisualization1.positionSphere3 = 1 0 0

--- NEW SESSION: 13/07/2018 17:23:38 ---
/N2/shaderRender/implicitFieldShaderVisualization1.positionSphere3 = 1 1 0

--- NEW SESSION: 14/07/2018 01:08:33 ---
/N2/shaderRender/implicitFieldShaderVisualization1.Box1_size = 1 1 1

--- NEW SESSION: 14/07/2018 23:18:28 ---
/N2/shaderRender/implicitFieldShaderVisualization1.Sphere3_radius = 0.82
/N2/shaderRender/implicitFieldShaderVisualization1.Box8_size = 0.67 0.23 1.17
/N2/shaderRender/implicitFieldShaderVisualization1.Sphere2_center = -0.13 0 0.66
/N2/shaderRender/implicitFieldShaderVisualization1.Sphere3_center = 0.19 0 0
/N2/shaderRender/implicitFieldShaderVisualization1.Sphere3_radius = 1.4
/N2/shaderRender/implicitFieldShaderVisualization1.Sphere2_center = -0.13 0 0.47
/N2/shaderRender/implicitFieldShaderVisualization1.Sphere3_center = 0.9 0 0
/N2/shaderRender/implicitFieldShaderVisualization1.Box1_size = 1.5 0.93 1

--- NEW SESSION: 14/07/2018 23:25:02 ---
/N2/shaderRender/implicitFieldShaderVisualization1.Sphere98_radius = 1.06
/N2/shaderRender/implicitFieldShaderVisualization1.Twist106_angle = 0.38
/N2/shaderRender/implicitFieldShaderVisualization1.Box97_size = 1.5 0.3 1

--- NEW SESSION: 14/07/2018 23:38:11 ---
/N2/shaderRender/implicitFieldShaderVisualization1.Sphere2_center = 0.12 0 0
/N2/shaderRender/implicitFieldShaderVisualization1.Sphere3_center = 6.76542e-17 0 0
/N2/shaderRender/implicitFieldShaderVisualization1.Sphere3_radius = 0.27
/N2/shaderRender/implicitFieldShaderVisualization1.Rotate12_factor = 0.66
/N2/shaderRender/implicitFieldShaderVisualization1.Sphere2_radius = 1.04
/N2/shaderRender/implicitFieldShaderVisualization1.Sphere5_center = 1.06 0.5 0
/N2/shaderRender/implicitFieldShaderVisualization1.Sphere27_center = 0.09 0 0
/N2/shaderRender/implicitFieldShaderVisualization1.Sphere29_radius = 1.71

--- NEW SESSION: 17/07/2018 11:33:19 ---
/N2/shaderRender/visualTransform1.transform = 0.26 -0.45 0 0 0 0 1

--- NEW SESSION: 12/11/2018 16:41:05 ---
/N2/shaderRender/implicitFieldShaderVisualization1.Box8_size = 0.98 0.47 0.73

--- NEW SESSION: 20/11/2018 09:38:47 ---
/N2/shaderRender/implicitFieldShaderVisualization1.Sphere5_center = 1.02 0 0
/N2/shaderRender/implicitFieldShaderVisualization1.Box8_size = 0.99 0.1 1.2
/N2/shaderRender/implicitFieldShaderVisualization1.Offset25_offset = -0.07
/N2/shaderRender/implicitFieldShaderVisualization1.Translation14_vector = -1.53 1 0
/N2/shaderRender/implicitFieldShaderVisualization1.Sphere2_center = -0.72 0 0
/N2/shaderRender/implicitFieldShaderVisualization1.Box12_size = 0.44 0.5 0.5
/N2/shaderRender/implicitFieldShaderVisualization1.Sphere3_radius = 1.93

--- NEW SESSION: 20/11/2018 09:43:47 ---
/N2/shaderRender/implicitFieldShaderVisualization1.Sphere3_radius = 0.55
/N2/shaderRender/implicitFieldShaderVisualization1.Box8_size = 2.21 0.1 1.2
/N2/shaderRender/implicitFieldShaderVisualization1.Sphere5_center = 4.68 0 0
/N2/shaderRender/implicitFieldShaderVisualization1.Offset25_offset = 2.33
/N2/shaderRender/implicitFieldShaderVisualization1.Translation14_vector = 0.58 1 0
/N2/shaderRender/implicitFieldShaderVisualization1.Sphere2_center = 1.27 0 0
/N2/shaderRender/implicitFieldShaderVisualization1.pos = 1 0 0

--- NEW SESSION: 20/11/2018 09:43:48 ---
/N2/shaderRender/implicitFieldShaderVisualization1.Sphere3_radius = 0.55
/N2/shaderRender/implicitFieldShaderVisualization1.Box8_size = 2.21 0.1 1.2
/N2/shaderRender/implicitFieldShaderVisualization1.Sphere5_center = 4.68 0 0
/N2/shaderRender/implicitFieldShaderVisualization1.Offset25_offset = 2.33
/N2/shaderRender/implicitFieldShaderVisualization1.Translation14_vector = 0.58 1 0
/N2/shaderRender/implicitFieldShaderVisualization1.Sphere2_center = 1.27 0 0
/N2/shaderRender/implicitFieldShaderVisualization1.pos = 1 0 0
/N2/shaderRender/implicitFieldShaderVisualization1.Sphere3_radius = 0.55
/N2/shaderRender/implicitFieldShaderVisualization1.Box8_size = 2.21 0.1 1.2
/N2/shaderRender/implicitFieldShaderVisualization1.Sphere5_center = 4.68 0 0
/N2/shaderRender/implicitFieldShaderVisualization1.Offset25_offset = 2.33
/N2/shaderRender/implicitFieldShaderVisualization1.Translation14_vector = 0.58 1 0
/N2/shaderRender/implicitFieldShaderVisualization1.Sphere2_center = 1.27 0 0
/N2/shaderRender/implicitFieldShaderVisualization1.pos = 1 0 0

--- NEW SESSION: 20/11/2018 09:44:35 ---
/N2/shaderRender/implicitFieldShaderVisualization1.Box8_size = 1.14 0.1 1.2
/N2/shaderRender/implicitFieldShaderVisualization1.Sphere2_center = -0.66 0 0
/N2/shaderRender/implicitFieldShaderVisualization1.pos = 0.87 0 0.52
/N2/shaderRender/implicitFieldShaderVisualization1.Box1_size = 1.92 0.14 1.08
/N2/shaderRender/implicitFieldShaderVisualization1.ssa4 = 1 1 1

--- NEW SESSION: 20/11/2018 09:50:09 ---
/N2/shaderRender/implicitFieldShaderVisualization1.pos = 0.46 0 0
/N2/shaderRender/implicitFieldShaderVisualization1.Box29_size = 4.51 0.1 2

--- NEW SESSION: 20/11/2018 09:53:14 ---
/N2/shaderRender/implicitFieldShaderVisualization1.Sphere3_center = 1.02 0 0
/N2/shaderRender/implicitFieldShaderVisualization1.Offset23_offset = -0.36
/N2/shaderRender/implicitFieldShaderVisualization1.Translation30_vector = -0.08 -0.7 0
/N2/shaderRender/implicitFieldShaderVisualization1.Box1_size = 1.81 0.5 1
/N2/shaderRender/implicitFieldShaderVisualization1.Sphere5_center = 1.1 0 0
/N2/shaderRender/implicitFieldShaderVisualization1.pos = 1.05 0 0
/N2/shaderRender/implicitFieldShaderVisualization1.Box8_size = 2.02 0.1 1.2
/N2/shaderRender/implicitFieldShaderVisualization1.Sphere5_radius = 1.64
/N2/shaderRender/implicitFieldShaderVisualization1.Sphere3_center = 4.01 0 0
/N2/shaderRender/implicitFieldShaderVisualization1.Box29_size = 2.2 -1.57 2
/N2/shaderRender/implicitFieldShaderVisualization1.Box1_size = 5.03 0.5 1

--- NEW SESSION: 20/11/2018 09:58:10 ---
/N2/shaderRender/implicitFieldShaderVisualization1.Twist17_angle = -2.49
/N2/shaderRender/implicitFieldShaderVisualization1.Translation15_vector = -0.35 1 0
/N2/shaderRender/implicitFieldShaderVisualization1.Scale20_factor = 0.14
/N2/shaderRender/implicitFieldShaderVisualization1.pos = 1.02 0 0
/N2/shaderRender/implicitFieldShaderVisualization1.Box9_size = 1.15 0.1 1.2
/N2/shaderRender/implicitFieldShaderVisualization1.Sphere6_center = -0.24 -0.17 0.47
/N2/shaderRender/implicitFieldShaderVisualization1.Box16_size = 0.74 0.37 0.5
/N2/shaderRender/implicitFieldShaderVisualization1.Twist14_angle = -0.96

--- NEW SESSION: 19/11/2019 11:02:31 ---
/demos/2/pointCloudImplicitFieldVisualization1.color = 1 1 1 1

--- NEW SESSION: 19/11/2019 11:37:12 ---
/demos/shaderRender/implicitFieldShaderVisualization1.Twist12_angle = -1.26
/demos/shaderRender/implicitFieldShaderVisualization1.Twist8_angle = 0.76
